<?xml version="1.0" encoding="UTF-8"?>
<testsuite name="RealiseAutoTest" tests="1" skipped="0" failures="0" errors="0" timestamp="2022-05-24T07:34:57" hostname="MSI" time="37.319">
  <properties/>
  <testcase name="openWeb" classname="RealiseAutoTest" time="37.319"/>
  <system-out><![CDATA[[10:34:58.483] | DEBUG | Test worker                      | InternalLoggerFactory            | Using Log4J2 as the default logging framework
[10:34:58.494] | DEBUG | Test worker                      | ResourceLeakDetector             | -Dio.netty.leakDetection.level: simple
[10:34:58.494] | DEBUG | Test worker                      | ResourceLeakDetector             | -Dio.netty.leakDetection.targetRecords: 4
[10:34:58.500] | DEBUG | Test worker                      | ResourceLeakDetectorFactory      | Loaded default ResourceLeakDetector: io.netty.util.ResourceLeakDetector@36c57594
[10:34:58.524] | DEBUG | Test worker                      | PlatformDependent0               | -Dio.netty.noUnsafe: false
[10:34:58.524] | DEBUG | Test worker                      | PlatformDependent0               | Java version: 8
[10:34:58.526] | DEBUG | Test worker                      | PlatformDependent0               | sun.misc.Unsafe.theUnsafe: available
[10:34:58.527] | DEBUG | Test worker                      | PlatformDependent0               | sun.misc.Unsafe.copyMemory: available
[10:34:58.528] | DEBUG | Test worker                      | PlatformDependent0               | java.nio.Buffer.address: available
[10:34:58.530] | DEBUG | Test worker                      | PlatformDependent0               | direct buffer constructor: available
[10:34:58.531] | DEBUG | Test worker                      | PlatformDependent0               | java.nio.Bits.unaligned: available, true
[10:34:58.532] | DEBUG | Test worker                      | PlatformDependent0               | jdk.internal.misc.Unsafe.allocateUninitializedArray(int): unavailable prior to Java9
[10:34:58.532] | DEBUG | Test worker                      | PlatformDependent0               | java.nio.DirectByteBuffer.<init>(long, int): available
[10:34:58.532] | DEBUG | Test worker                      | PlatformDependent                | sun.misc.Unsafe: available
[10:34:58.533] | DEBUG | Test worker                      | PlatformDependent                | -Dio.netty.tmpdir: C:\Users\User\AppData\Local\Temp (java.io.tmpdir)
[10:34:58.533] | DEBUG | Test worker                      | PlatformDependent                | -Dio.netty.bitMode: 64 (sun.arch.data.model)
[10:34:58.534] | DEBUG | Test worker                      | PlatformDependent                | Platform: Windows
[10:34:58.536] | DEBUG | Test worker                      | PlatformDependent                | -Dio.netty.maxDirectMemory: 477626368 bytes
[10:34:58.536] | DEBUG | Test worker                      | PlatformDependent                | -Dio.netty.uninitializedArrayAllocationThreshold: -1
[10:34:58.540] | DEBUG | Test worker                      | CleanerJava6                     | java.nio.ByteBuffer.cleaner(): available
[10:34:58.541] | DEBUG | Test worker                      | PlatformDependent                | -Dio.netty.noPreferDirect: false
[10:34:58.560] | DEBUG | Test worker                      | PlatformDependent                | org.jctools-core.MpscChunkedArrayQueue: available
[10:34:58.596] | DEBUG | Test worker                      | InternalThreadLocalMap           | -Dio.netty.threadLocalMap.stringBuilder.initialSize: 1024
[10:34:58.596] | DEBUG | Test worker                      | InternalThreadLocalMap           | -Dio.netty.threadLocalMap.stringBuilder.maxSize: 4096
[10:34:58.626] | DEBUG | Test worker                      | JdkSslContext                    | Default protocols (JDK): [TLSv1.2] 
[10:34:58.627] | DEBUG | Test worker                      | JdkSslContext                    | Default cipher suites (JDK): [TLS_ECDHE_ECDSA_WITH_AES_256_GCM_SHA384, TLS_ECDHE_ECDSA_WITH_AES_128_GCM_SHA256, TLS_ECDHE_RSA_WITH_AES_128_GCM_SHA256, TLS_ECDHE_RSA_WITH_AES_256_GCM_SHA384, TLS_ECDHE_RSA_WITH_AES_128_CBC_SHA, TLS_ECDHE_RSA_WITH_AES_256_CBC_SHA, TLS_RSA_WITH_AES_128_GCM_SHA256, TLS_RSA_WITH_AES_128_CBC_SHA, TLS_RSA_WITH_AES_256_CBC_SHA, TLS_AES_128_GCM_SHA256, TLS_AES_256_GCM_SHA384]
[10:34:58.662] | DEBUG | Test worker                      | MultithreadEventLoopGroup        | -Dio.netty.eventLoopThreads: 16
[10:34:58.674] | DEBUG | Test worker                      | NioEventLoop                     | -Dio.netty.noKeySetOptimization: false
[10:34:58.675] | DEBUG | Test worker                      | NioEventLoop                     | -Dio.netty.selectorAutoRebuildThreshold: 512
[10:34:58.679] | TRACE | Test worker                      | NioEventLoop                     | instrumented a special java.util.Set into: sun.nio.ch.WindowsSelectorImpl@2585605e
[10:34:58.681] | TRACE | Test worker                      | NioEventLoop                     | instrumented a special java.util.Set into: sun.nio.ch.WindowsSelectorImpl@14c00769
[10:34:58.682] | TRACE | Test worker                      | NioEventLoop                     | instrumented a special java.util.Set into: sun.nio.ch.WindowsSelectorImpl@1ac9023f
[10:34:58.683] | TRACE | Test worker                      | NioEventLoop                     | instrumented a special java.util.Set into: sun.nio.ch.WindowsSelectorImpl@30494568
[10:34:58.684] | TRACE | Test worker                      | NioEventLoop                     | instrumented a special java.util.Set into: sun.nio.ch.WindowsSelectorImpl@34ca9e9e
[10:34:58.685] | TRACE | Test worker                      | NioEventLoop                     | instrumented a special java.util.Set into: sun.nio.ch.WindowsSelectorImpl@20a53c21
[10:34:58.686] | TRACE | Test worker                      | NioEventLoop                     | instrumented a special java.util.Set into: sun.nio.ch.WindowsSelectorImpl@722f1af0
[10:34:58.687] | TRACE | Test worker                      | NioEventLoop                     | instrumented a special java.util.Set into: sun.nio.ch.WindowsSelectorImpl@8b773d8
[10:34:58.688] | TRACE | Test worker                      | NioEventLoop                     | instrumented a special java.util.Set into: sun.nio.ch.WindowsSelectorImpl@6869323e
[10:34:58.688] | TRACE | Test worker                      | NioEventLoop                     | instrumented a special java.util.Set into: sun.nio.ch.WindowsSelectorImpl@61244f26
[10:34:58.689] | TRACE | Test worker                      | NioEventLoop                     | instrumented a special java.util.Set into: sun.nio.ch.WindowsSelectorImpl@6bd62168
[10:34:58.690] | TRACE | Test worker                      | NioEventLoop                     | instrumented a special java.util.Set into: sun.nio.ch.WindowsSelectorImpl@58ccb679
[10:34:58.691] | TRACE | Test worker                      | NioEventLoop                     | instrumented a special java.util.Set into: sun.nio.ch.WindowsSelectorImpl@7915879c
[10:34:58.692] | TRACE | Test worker                      | NioEventLoop                     | instrumented a special java.util.Set into: sun.nio.ch.WindowsSelectorImpl@3a0baae7
[10:34:58.693] | TRACE | Test worker                      | NioEventLoop                     | instrumented a special java.util.Set into: sun.nio.ch.WindowsSelectorImpl@600c11af
[10:34:58.694] | TRACE | Test worker                      | NioEventLoop                     | instrumented a special java.util.Set into: sun.nio.ch.WindowsSelectorImpl@5d4e0ca9
[10:34:58.718] | DEBUG | Test worker                      | PooledByteBufAllocator           | -Dio.netty.allocator.numHeapArenas: 4
[10:34:58.718] | DEBUG | Test worker                      | PooledByteBufAllocator           | -Dio.netty.allocator.numDirectArenas: 4
[10:34:58.719] | DEBUG | Test worker                      | PooledByteBufAllocator           | -Dio.netty.allocator.pageSize: 8192
[10:34:58.719] | DEBUG | Test worker                      | PooledByteBufAllocator           | -Dio.netty.allocator.maxOrder: 11
[10:34:58.719] | DEBUG | Test worker                      | PooledByteBufAllocator           | -Dio.netty.allocator.chunkSize: 16777216
[10:34:58.719] | DEBUG | Test worker                      | PooledByteBufAllocator           | -Dio.netty.allocator.smallCacheSize: 256
[10:34:58.720] | DEBUG | Test worker                      | PooledByteBufAllocator           | -Dio.netty.allocator.normalCacheSize: 64
[10:34:58.720] | DEBUG | Test worker                      | PooledByteBufAllocator           | -Dio.netty.allocator.maxCachedBufferCapacity: 32768
[10:34:58.720] | DEBUG | Test worker                      | PooledByteBufAllocator           | -Dio.netty.allocator.cacheTrimInterval: 8192
[10:34:58.720] | DEBUG | Test worker                      | PooledByteBufAllocator           | -Dio.netty.allocator.cacheTrimIntervalMillis: 0
[10:34:58.721] | DEBUG | Test worker                      | PooledByteBufAllocator           | -Dio.netty.allocator.useCacheForAllThreads: true
[10:34:58.721] | DEBUG | Test worker                      | PooledByteBufAllocator           | -Dio.netty.allocator.maxCachedByteBuffersPerChunk: 1023
[10:34:58.735] | DEBUG | Test worker                      | ByteBufUtil                      | -Dio.netty.allocator.type: pooled
[10:34:58.735] | DEBUG | Test worker                      | ByteBufUtil                      | -Dio.netty.threadLocalDirectBufferSize: 0
[10:34:58.735] | DEBUG | Test worker                      | ByteBufUtil                      | -Dio.netty.maxThreadLocalCharBufferSize: 16384
[10:34:59.528] | DEBUG | rding newSession on session null to remote | DefaultChannelId                 | -Dio.netty.processId: 7988 (auto-detected)
[10:34:59.531] | DEBUG | rding newSession on session null to remote | NetUtil                          | -Djava.net.preferIPv4Stack: false
[10:34:59.531] | DEBUG | rding newSession on session null to remote | NetUtil                          | -Djava.net.preferIPv6Addresses: false
[10:34:59.761] | DEBUG | rding newSession on session null to remote | NetUtilInitializations           | Loopback interface: lo (Software Loopback Interface 1, 127.0.0.1)
[10:34:59.763] | DEBUG | rding newSession on session null to remote | NetUtil                          | Failed to get SOMAXCONN from sysctl and file \proc\sys\net\core\somaxconn. Default: 200
[10:35:00.005] | DEBUG | rding newSession on session null to remote | DefaultChannelId                 | -Dio.netty.machineId: d8:cb:8a:ff:fe:f4:93:a1 (auto-detected)
[10:35:00.056] | DEBUG | AsyncHttpClient-1-2              | AbstractByteBuf                  | -Dio.netty.buffer.checkAccessible: true
[10:35:00.057] | DEBUG | AsyncHttpClient-1-2              | AbstractByteBuf                  | -Dio.netty.buffer.checkBounds: true
[10:35:00.057] | DEBUG | AsyncHttpClient-1-2              | ResourceLeakDetectorFactory      | Loaded default ResourceLeakDetector: io.netty.util.ResourceLeakDetector@22bb326c
[10:35:00.080] | DEBUG | AsyncHttpClient-1-2              | Recycler                         | -Dio.netty.recycler.maxCapacityPerThread: 4096
[10:35:00.080] | DEBUG | AsyncHttpClient-1-2              | Recycler                         | -Dio.netty.recycler.ratio: 8
[10:35:00.081] | DEBUG | AsyncHttpClient-1-2              | Recycler                         | -Dio.netty.recycler.chunkSize: 32
[10:35:00.081] | DEBUG | AsyncHttpClient-1-2              | Recycler                         | -Dio.netty.recycler.blocking: false
[10:35:02.348] | DEBUG | AsyncHttpClient-1-2              | Brotli                           | brotli4j not in the classpath; Brotli support will be unavailable.
[10:35:02.763] | INFO  | Test worker                      | RealiseAutoTest                  | Logs on
]]></system-out>
  <system-err><![CDATA[SLF4J: Failed to load class "org.slf4j.impl.StaticLoggerBinder".
SLF4J: Defaulting to no-operation (NOP) logger implementation
SLF4J: See http://www.slf4j.org/codes.html#StaticLoggerBinder for further details.
1653377698915	geckodriver	INFO	Listening on 127.0.0.1:64739
1653377700111	mozrunner::runner	INFO	Running command: "C:\\Program Files\\Mozilla Firefox\\firefox.exe" "--marionette" "--remote-debugging-port" "63041" "--remote-allow-hosts" "localhost" "-no-remote" "-profile" "C:\\Users\\User\\AppData\\Local\\Temp\\rust_mozprofilesKODan"
1653377700497	Marionette	INFO	Marionette enabled
console.warn: SearchSettings: "get: No settings file exists, new profile?" (new NotFoundError("Could not open the file at C:\\Users\\User\\AppData\\Local\\Temp\\rust_mozprofilesKODan\\search.json.mozlz4", (void 0)))
DevTools listening on ws://localhost:63041/devtools/browser/6be13c2a-955d-4225-9c21-025939c717b3
1653377702292	Marionette	INFO	Listening on port 9943
Read port: 9943
1653377702328	RemoteAgent	WARN	TLS certificate errors will be ignored for this session
мая 24, 2022 10:35:02 AM org.openqa.selenium.remote.ProtocolHandshake createSession
INFO: Detected dialect: W3C
JavaScript warning: https://mc.yandex.ru/metrika/tag.js, line 17: WEBGL_debug_renderer_info is deprecated in Firefox and will be removed. Please use RENDERER.
JavaScript error: https://code.acstat.com/, line 439: SyntaxError: missing catch or finally after try
console.warn: LoginRecipes: "getRecipes: falling back to a synchronous message for:" "https://otus.ru"
console.warn: LoginRecipes: "getRecipes: falling back to a synchronous message for:" "https://otus.ru"
JavaScript error: resource://gre/modules/LoginManagerParent.jsm, line 136: TypeError: gRecipeManager is null
console.warn: LoginRecipes: "getRecipes: falling back to a synchronous message for:" "https://otus.ru"
JavaScript error: resource://gre/modules/LoginManagerParent.jsm, line 136: TypeError: gRecipeManager is null
console.warn: LoginRecipes: "getRecipes: falling back to a synchronous message for:" "https://otus.ru"
JavaScript error: resource://gre/modules/LoginManagerParent.jsm, line 136: TypeError: gRecipeManager is null
console.warn: LoginRecipes: "getRecipes: falling back to a synchronous message for:" "https://otus.ru"
JavaScript error: resource://gre/modules/LoginManagerParent.jsm, line 136: TypeError: gRecipeManager is null
console.warn: LoginRecipes: "getRecipes: falling back to a synchronous message for:" "https://otus.ru"
JavaScript error: resource://gre/modules/LoginManagerParent.jsm, line 136: TypeError: gRecipeManager is null
JavaScript error: https://code.acstat.com/, line 439: SyntaxError: missing catch or finally after try
console.warn: LoginRecipes: "getRecipes: falling back to a synchronous message for:" "https://otus.ru"
JavaScript error: resource://gre/modules/LoginManagerParent.jsm, line 136: TypeError: gRecipeManager is null
console.warn: LoginRecipes: "getRecipes: falling back to a synchronous message for:" "https://otus.ru"
JavaScript error: resource://gre/modules/LoginManagerParent.jsm, line 136: TypeError: gRecipeManager is null
console.warn: LoginRecipes: "getRecipes: falling back to a synchronous message for:" "https://otus.ru"
JavaScript error: resource://gre/modules/LoginManagerParent.jsm, line 136: TypeError: gRecipeManager is null
1653377708837	Marionette	WARN	Ignoring event 'DOMContentLoaded' because document has an invalid readyState of 'complete'.
console.warn: LoginRecipes: "getRecipes: falling back to a synchronous message for:" "https://otus.ru"
JavaScript error: resource://gre/modules/LoginManagerParent.jsm, line 136: TypeError: gRecipeManager is null
console.warn: LoginRecipes: "getRecipes: falling back to a synchronous message for:" "https://otus.ru"
JavaScript error: resource://gre/modules/LoginManagerParent.jsm, line 136: TypeError: gRecipeManager is null
console.warn: LoginRecipes: "getRecipes: falling back to a synchronous message for:" "https://otus.ru"
JavaScript error: resource://gre/modules/LoginManagerParent.jsm, line 136: TypeError: gRecipeManager is null
JavaScript error: https://code.acstat.com/, line 439: SyntaxError: missing catch or finally after try
console.warn: LoginRecipes: "getRecipes: falling back to a synchronous message for:" "https://otus.ru"
JavaScript error: resource://gre/modules/LoginManagerParent.jsm, line 136: TypeError: gRecipeManager is null
console.warn: LoginRecipes: "getRecipes: falling back to a synchronous message for:" "https://otus.ru"
JavaScript error: resource://gre/modules/LoginManagerParent.jsm, line 136: TypeError: gRecipeManager is null
console.warn: LoginRecipes: "getRecipes: falling back to a synchronous message for:" "https://otus.ru"
JavaScript error: resource://gre/modules/LoginManagerParent.jsm, line 136: TypeError: gRecipeManager is null
console.warn: LoginRecipes: "getRecipes: falling back to a synchronous message for:" "https://otus.ru"
JavaScript error: resource://gre/modules/LoginManagerParent.jsm, line 136: TypeError: gRecipeManager is null
console.warn: LoginRecipes: "getRecipes: falling back to a synchronous message for:" "https://otus.ru"
JavaScript error: resource://gre/modules/LoginManagerParent.jsm, line 136: TypeError: gRecipeManager is null
console.warn: LoginRecipes: "getRecipes: falling back to a synchronous message for:" "https://otus.ru"
JavaScript error: resource://gre/modules/LoginManagerParent.jsm, line 136: TypeError: gRecipeManager is null
console.warn: LoginRecipes: "getRecipes: falling back to a synchronous message for:" "https://otus.ru"
JavaScript error: resource://gre/modules/LoginManagerParent.jsm, line 136: TypeError: gRecipeManager is null
console.warn: LoginRecipes: "getRecipes: falling back to a synchronous message for:" "https://otus.ru"
JavaScript error: resource://gre/modules/LoginManagerParent.jsm, line 136: TypeError: gRecipeManager is null
console.warn: LoginRecipes: "getRecipes: falling back to a synchronous message for:" "https://otus.ru"
JavaScript error: resource://gre/modules/LoginManagerParent.jsm, line 136: TypeError: gRecipeManager is null
console.warn: LoginRecipes: "getRecipes: falling back to a synchronous message for:" "https://otus.ru"
JavaScript error: resource://gre/modules/LoginManagerParent.jsm, line 136: TypeError: gRecipeManager is null
console.warn: LoginRecipes: "getRecipes: falling back to a synchronous message for:" "https://otus.ru"
JavaScript error: resource://gre/modules/LoginManagerParent.jsm, line 136: TypeError: gRecipeManager is null
console.warn: LoginRecipes: "getRecipes: falling back to a synchronous message for:" "https://otus.ru"
JavaScript error: resource://gre/modules/LoginManagerParent.jsm, line 136: TypeError: gRecipeManager is null
console.warn: LoginRecipes: "getRecipes: falling back to a synchronous message for:" "https://otus.ru"
JavaScript error: resource://gre/modules/LoginManagerParent.jsm, line 136: TypeError: gRecipeManager is null
console.warn: LoginRecipes: "getRecipes: falling back to a synchronous message for:" "https://otus.ru"
JavaScript error: resource://gre/modules/LoginManagerParent.jsm, line 136: TypeError: gRecipeManager is null
console.warn: LoginRecipes: "getRecipes: falling back to a synchronous message for:" "https://otus.ru"
JavaScript error: resource://gre/modules/LoginManagerParent.jsm, line 136: TypeError: gRecipeManager is null
console.warn: LoginRecipes: "getRecipes: falling back to a synchronous message for:" "https://otus.ru"
JavaScript error: resource://gre/modules/LoginManagerParent.jsm, line 136: TypeError: gRecipeManager is null
console.warn: LoginRecipes: "getRecipes: falling back to a synchronous message for:" "https://otus.ru"
JavaScript error: resource://gre/modules/LoginManagerParent.jsm, line 136: TypeError: gRecipeManager is null
JavaScript error: https://code.acstat.com/, line 439: SyntaxError: missing catch or finally after try
console.warn: LoginRecipes: "getRecipes: falling back to a synchronous message for:" "https://otus.ru"
JavaScript error: resource://gre/modules/LoginManagerParent.jsm, line 136: TypeError: gRecipeManager is null
console.warn: LoginRecipes: "getRecipes: falling back to a synchronous message for:" "https://otus.ru"
JavaScript error: resource://gre/modules/LoginManagerParent.jsm, line 136: TypeError: gRecipeManager is null
console.warn: LoginRecipes: "getRecipes: falling back to a synchronous message for:" "https://otus.ru"
JavaScript error: resource://gre/modules/LoginManagerParent.jsm, line 136: TypeError: gRecipeManager is null
1653377720143	Marionette	INFO	Stopped listening on port 9943

###!!! [Parent][PContentParent] Error: Send(msgname=PContent::Reply_DiscardBrowsingContext) Closed channel: cannot send/recv


###!!! [Parent][PContentParent] Error: Send(msgname=PContent::Reply_DiscardBrowsingContext) Closed channel: cannot send/recv


###!!! [Parent][PContentParent] Error: Send(msgname=PContent::Reply_DiscardBrowsingContext) Closed channel: cannot send/recv


###!!! [Parent][PContentParent] Error: Send(msgname=PContent::Reply_DiscardBrowsingContext) Closed channel: cannot send/recv


###!!! [Parent][PContentParent] Error: Send(msgname=PContent::Msg_DestroyBrowsingContextGroup) Closed channel: cannot send/recv


###!!! [Child][PContentChild] Error: RunMessage(msgname=PHttpChannel::Msg_DeleteSelf) Channel closing: too late to send/recv, messages will be lost


###!!! [Child][PContentChild] Error: RunMessage(msgname=PHttpChannel::Msg_DeleteSelf) Channel closing: too late to send/recv, messages will be lost


###!!! [Child][PContentChild] Error: RunMessage(msgname=PHttpChannel::Msg_DeleteSelf) Channel closing: too late to send/recv, messages will be lost


###!!! [Child][PContentChild] Error: RunMessage(msgname=PHttpChannel::Msg_DeleteSelf) Channel closing: too late to send/recv, messages will be lost


###!!! [Child][PContentChild] Error: RunMessage(msgname=PContent::Msg_DiscardBrowsingContext) Channel closing: too late to send/recv, messages will be lost


###!!! [Child][PContentChild] Error: RunMessage(msgname=PContent::Msg_DiscardBrowsingContext) Channel closing: too late to send/recv, messages will be lost


###!!! [Child][PContentChild] Error: RunMessage(msgname=PContent::Msg_DiscardBrowsingContext) Channel closing: too late to send/recv, messages will be lost


###!!! [Child][PContentChild] Error: RunMessage(msgname=PContent::Msg_DiscardBrowsingContext) Channel closing: too late to send/recv, messages will be lost


###!!! [Child][PContentChild] Error: RunMessage(msgname=PContent::Reply_DiscardBrowsingContext) Channel closing: too late to send/recv, messages will be lost


###!!! [Child][PContentChild] Error: RunMessage(msgname=PHttpChannel::Msg_DeleteSelf) Channel closing: too late to send/recv, messages will be lost


###!!! [Parent][PGPUParent] Error: RunMessage(msgname=PGPU::Msg_ShutdownVR) Channel closing: too late to send/recv, messages will be lost

1653377721219	geckodriver	INFO	Listening on 127.0.0.1:58945
1653377721712	mozrunner::runner	INFO	Running command: "C:\\Program Files\\Mozilla Firefox\\firefox.exe" "--marionette" "--remote-debugging-port" "52942" "--remote-allow-hosts" "localhost" "-no-remote" "-profile" "C:\\Users\\User\\AppData\\Local\\Temp\\rust_mozprofileFLKUnY"
1653377722093	Marionette	INFO	Marionette enabled
console.warn: SearchSettings: "get: No settings file exists, new profile?" (new NotFoundError("Could not open the file at C:\\Users\\User\\AppData\\Local\\Temp\\rust_mozprofileFLKUnY\\search.json.mozlz4", (void 0)))
DevTools listening on ws://localhost:52942/devtools/browser/9af93750-9921-4790-b135-3a24591932c9
1653377723741	Marionette	INFO	Listening on port 10107
Read port: 10107
1653377723836	RemoteAgent	WARN	TLS certificate errors will be ignored for this session
мая 24, 2022 10:35:23 AM org.openqa.selenium.remote.ProtocolHandshake createSession
INFO: Detected dialect: W3C
JavaScript warning: https://mc.yandex.ru/metrika/tag.js, line 17: WEBGL_debug_renderer_info is deprecated in Firefox and will be removed. Please use RENDERER.
JavaScript error: https://code.acstat.com/, line 439: SyntaxError: missing catch or finally after try
console.warn: LoginRecipes: "getRecipes: falling back to a synchronous message for:" "https://otus.ru"
console.warn: LoginRecipes: "getRecipes: falling back to a synchronous message for:" "https://otus.ru"
JavaScript error: resource://gre/modules/LoginManagerParent.jsm, line 136: TypeError: gRecipeManager is null
console.warn: LoginRecipes: "getRecipes: falling back to a synchronous message for:" "https://otus.ru"
JavaScript error: resource://gre/modules/LoginManagerParent.jsm, line 136: TypeError: gRecipeManager is null
console.warn: LoginRecipes: "getRecipes: falling back to a synchronous message for:" "https://otus.ru"
JavaScript error: resource://gre/modules/LoginManagerParent.jsm, line 136: TypeError: gRecipeManager is null
console.warn: LoginRecipes: "getRecipes: falling back to a synchronous message for:" "https://otus.ru"
JavaScript error: resource://gre/modules/LoginManagerParent.jsm, line 136: TypeError: gRecipeManager is null
console.warn: LoginRecipes: "getRecipes: falling back to a synchronous message for:" "https://otus.ru"
JavaScript error: resource://gre/modules/LoginManagerParent.jsm, line 136: TypeError: gRecipeManager is null
JavaScript error: https://code.acstat.com/, line 439: SyntaxError: missing catch or finally after try
console.warn: LoginRecipes: "getRecipes: falling back to a synchronous message for:" "https://otus.ru"
JavaScript error: resource://gre/modules/LoginManagerParent.jsm, line 136: TypeError: gRecipeManager is null
console.warn: LoginRecipes: "getRecipes: falling back to a synchronous message for:" "https://otus.ru"
JavaScript error: resource://gre/modules/LoginManagerParent.jsm, line 136: TypeError: gRecipeManager is null
console.warn: LoginRecipes: "getRecipes: falling back to a synchronous message for:" "https://otus.ru"
JavaScript error: resource://gre/modules/LoginManagerParent.jsm, line 136: TypeError: gRecipeManager is null
console.warn: LoginRecipes: "getRecipes: falling back to a synchronous message for:" "https://otus.ru"
JavaScript error: resource://gre/modules/LoginManagerParent.jsm, line 136: TypeError: gRecipeManager is null
console.warn: LoginRecipes: "getRecipes: falling back to a synchronous message for:" "https://otus.ru"
JavaScript error: resource://gre/modules/LoginManagerParent.jsm, line 136: TypeError: gRecipeManager is null
console.warn: LoginRecipes: "getRecipes: falling back to a synchronous message for:" "https://otus.ru"
JavaScript error: resource://gre/modules/LoginManagerParent.jsm, line 136: TypeError: gRecipeManager is null
JavaScript error: https://code.acstat.com/, line 439: SyntaxError: missing catch or finally after try
console.warn: LoginRecipes: "getRecipes: falling back to a synchronous message for:" "https://otus.ru"
JavaScript error: resource://gre/modules/LoginManagerParent.jsm, line 136: TypeError: gRecipeManager is null
console.warn: LoginRecipes: "getRecipes: falling back to a synchronous message for:" "https://otus.ru"
JavaScript error: resource://gre/modules/LoginManagerParent.jsm, line 136: TypeError: gRecipeManager is null
console.warn: LoginRecipes: "getRecipes: falling back to a synchronous message for:" "https://otus.ru"
JavaScript error: resource://gre/modules/LoginManagerParent.jsm, line 136: TypeError: gRecipeManager is null
console.warn: LoginRecipes: "getRecipes: falling back to a synchronous message for:" "https://otus.ru"
JavaScript error: resource://gre/modules/LoginManagerParent.jsm, line 136: TypeError: gRecipeManager is null
1653377733495	Marionette	INFO	Stopped listening on port 10107

###!!! [Parent][PGPUParent] Error: RunMessage(msgname=PGPU::Msg_ShutdownVR) Channel closing: too late to send/recv, messages will be lost

]]></system-err>
</testsuite>
