<?xml version="1.0" encoding="UTF-8"?>
<testsuite name="RealiseAutoTest" tests="1" skipped="0" failures="0" errors="0" timestamp="2022-05-18T13:44:59" hostname="MSI" time="33.999">
  <properties/>
  <testcase name="openWeb" classname="RealiseAutoTest" time="33.999"/>
  <system-out><![CDATA[[16:45:00.278] | DEBUG | Test worker                      | InternalLoggerFactory            | Using Log4J2 as the default logging framework
[16:45:00.287] | DEBUG | Test worker                      | ResourceLeakDetector             | -Dio.netty.leakDetection.level: simple
[16:45:00.288] | DEBUG | Test worker                      | ResourceLeakDetector             | -Dio.netty.leakDetection.targetRecords: 4
[16:45:00.293] | DEBUG | Test worker                      | ResourceLeakDetectorFactory      | Loaded default ResourceLeakDetector: io.netty.util.ResourceLeakDetector@9c5959a
[16:45:00.313] | DEBUG | Test worker                      | PlatformDependent0               | -Dio.netty.noUnsafe: false
[16:45:00.313] | DEBUG | Test worker                      | PlatformDependent0               | Java version: 8
[16:45:00.314] | DEBUG | Test worker                      | PlatformDependent0               | sun.misc.Unsafe.theUnsafe: available
[16:45:00.316] | DEBUG | Test worker                      | PlatformDependent0               | sun.misc.Unsafe.copyMemory: available
[16:45:00.317] | DEBUG | Test worker                      | PlatformDependent0               | java.nio.Buffer.address: available
[16:45:00.317] | DEBUG | Test worker                      | PlatformDependent0               | direct buffer constructor: available
[16:45:00.318] | DEBUG | Test worker                      | PlatformDependent0               | java.nio.Bits.unaligned: available, true
[16:45:00.319] | DEBUG | Test worker                      | PlatformDependent0               | jdk.internal.misc.Unsafe.allocateUninitializedArray(int): unavailable prior to Java9
[16:45:00.319] | DEBUG | Test worker                      | PlatformDependent0               | java.nio.DirectByteBuffer.<init>(long, int): available
[16:45:00.319] | DEBUG | Test worker                      | PlatformDependent                | sun.misc.Unsafe: available
[16:45:00.320] | DEBUG | Test worker                      | PlatformDependent                | -Dio.netty.tmpdir: C:\Users\User\AppData\Local\Temp (java.io.tmpdir)
[16:45:00.320] | DEBUG | Test worker                      | PlatformDependent                | -Dio.netty.bitMode: 64 (sun.arch.data.model)
[16:45:00.321] | DEBUG | Test worker                      | PlatformDependent                | Platform: Windows
[16:45:00.322] | DEBUG | Test worker                      | PlatformDependent                | -Dio.netty.maxDirectMemory: 477626368 bytes
[16:45:00.322] | DEBUG | Test worker                      | PlatformDependent                | -Dio.netty.uninitializedArrayAllocationThreshold: -1
[16:45:00.324] | DEBUG | Test worker                      | CleanerJava6                     | java.nio.ByteBuffer.cleaner(): available
[16:45:00.324] | DEBUG | Test worker                      | PlatformDependent                | -Dio.netty.noPreferDirect: false
[16:45:00.334] | DEBUG | Test worker                      | PlatformDependent                | org.jctools-core.MpscChunkedArrayQueue: available
[16:45:00.356] | DEBUG | Test worker                      | InternalThreadLocalMap           | -Dio.netty.threadLocalMap.stringBuilder.initialSize: 1024
[16:45:00.356] | DEBUG | Test worker                      | InternalThreadLocalMap           | -Dio.netty.threadLocalMap.stringBuilder.maxSize: 4096
[16:45:00.384] | DEBUG | Test worker                      | JdkSslContext                    | Default protocols (JDK): [TLSv1.2] 
[16:45:00.384] | DEBUG | Test worker                      | JdkSslContext                    | Default cipher suites (JDK): [TLS_ECDHE_ECDSA_WITH_AES_256_GCM_SHA384, TLS_ECDHE_ECDSA_WITH_AES_128_GCM_SHA256, TLS_ECDHE_RSA_WITH_AES_128_GCM_SHA256, TLS_ECDHE_RSA_WITH_AES_256_GCM_SHA384, TLS_ECDHE_RSA_WITH_AES_128_CBC_SHA, TLS_ECDHE_RSA_WITH_AES_256_CBC_SHA, TLS_RSA_WITH_AES_128_GCM_SHA256, TLS_RSA_WITH_AES_128_CBC_SHA, TLS_RSA_WITH_AES_256_CBC_SHA, TLS_AES_128_GCM_SHA256, TLS_AES_256_GCM_SHA384]
[16:45:00.411] | DEBUG | Test worker                      | MultithreadEventLoopGroup        | -Dio.netty.eventLoopThreads: 16
[16:45:00.419] | DEBUG | Test worker                      | NioEventLoop                     | -Dio.netty.noKeySetOptimization: false
[16:45:00.420] | DEBUG | Test worker                      | NioEventLoop                     | -Dio.netty.selectorAutoRebuildThreshold: 512
[16:45:00.424] | TRACE | Test worker                      | NioEventLoop                     | instrumented a special java.util.Set into: sun.nio.ch.WindowsSelectorImpl@1392e2b5
[16:45:00.425] | TRACE | Test worker                      | NioEventLoop                     | instrumented a special java.util.Set into: sun.nio.ch.WindowsSelectorImpl@30494568
[16:45:00.426] | TRACE | Test worker                      | NioEventLoop                     | instrumented a special java.util.Set into: sun.nio.ch.WindowsSelectorImpl@34ca9e9e
[16:45:00.427] | TRACE | Test worker                      | NioEventLoop                     | instrumented a special java.util.Set into: sun.nio.ch.WindowsSelectorImpl@20a53c21
[16:45:00.428] | TRACE | Test worker                      | NioEventLoop                     | instrumented a special java.util.Set into: sun.nio.ch.WindowsSelectorImpl@722f1af0
[16:45:00.429] | TRACE | Test worker                      | NioEventLoop                     | instrumented a special java.util.Set into: sun.nio.ch.WindowsSelectorImpl@8b773d8
[16:45:00.430] | TRACE | Test worker                      | NioEventLoop                     | instrumented a special java.util.Set into: sun.nio.ch.WindowsSelectorImpl@6869323e
[16:45:00.431] | TRACE | Test worker                      | NioEventLoop                     | instrumented a special java.util.Set into: sun.nio.ch.WindowsSelectorImpl@61244f26
[16:45:00.432] | TRACE | Test worker                      | NioEventLoop                     | instrumented a special java.util.Set into: sun.nio.ch.WindowsSelectorImpl@6bd62168
[16:45:00.432] | TRACE | Test worker                      | NioEventLoop                     | instrumented a special java.util.Set into: sun.nio.ch.WindowsSelectorImpl@58ccb679
[16:45:00.433] | TRACE | Test worker                      | NioEventLoop                     | instrumented a special java.util.Set into: sun.nio.ch.WindowsSelectorImpl@7915879c
[16:45:00.434] | TRACE | Test worker                      | NioEventLoop                     | instrumented a special java.util.Set into: sun.nio.ch.WindowsSelectorImpl@3a0baae7
[16:45:00.435] | TRACE | Test worker                      | NioEventLoop                     | instrumented a special java.util.Set into: sun.nio.ch.WindowsSelectorImpl@600c11af
[16:45:00.436] | TRACE | Test worker                      | NioEventLoop                     | instrumented a special java.util.Set into: sun.nio.ch.WindowsSelectorImpl@5d4e0ca9
[16:45:00.437] | TRACE | Test worker                      | NioEventLoop                     | instrumented a special java.util.Set into: sun.nio.ch.WindowsSelectorImpl@8b259fb
[16:45:00.438] | TRACE | Test worker                      | NioEventLoop                     | instrumented a special java.util.Set into: sun.nio.ch.WindowsSelectorImpl@6f899698
[16:45:00.462] | DEBUG | Test worker                      | PooledByteBufAllocator           | -Dio.netty.allocator.numHeapArenas: 4
[16:45:00.462] | DEBUG | Test worker                      | PooledByteBufAllocator           | -Dio.netty.allocator.numDirectArenas: 4
[16:45:00.462] | DEBUG | Test worker                      | PooledByteBufAllocator           | -Dio.netty.allocator.pageSize: 8192
[16:45:00.463] | DEBUG | Test worker                      | PooledByteBufAllocator           | -Dio.netty.allocator.maxOrder: 11
[16:45:00.463] | DEBUG | Test worker                      | PooledByteBufAllocator           | -Dio.netty.allocator.chunkSize: 16777216
[16:45:00.463] | DEBUG | Test worker                      | PooledByteBufAllocator           | -Dio.netty.allocator.smallCacheSize: 256
[16:45:00.463] | DEBUG | Test worker                      | PooledByteBufAllocator           | -Dio.netty.allocator.normalCacheSize: 64
[16:45:00.464] | DEBUG | Test worker                      | PooledByteBufAllocator           | -Dio.netty.allocator.maxCachedBufferCapacity: 32768
[16:45:00.464] | DEBUG | Test worker                      | PooledByteBufAllocator           | -Dio.netty.allocator.cacheTrimInterval: 8192
[16:45:00.464] | DEBUG | Test worker                      | PooledByteBufAllocator           | -Dio.netty.allocator.cacheTrimIntervalMillis: 0
[16:45:00.464] | DEBUG | Test worker                      | PooledByteBufAllocator           | -Dio.netty.allocator.useCacheForAllThreads: true
[16:45:00.465] | DEBUG | Test worker                      | PooledByteBufAllocator           | -Dio.netty.allocator.maxCachedByteBuffersPerChunk: 1023
[16:45:00.475] | DEBUG | Test worker                      | ByteBufUtil                      | -Dio.netty.allocator.type: pooled
[16:45:00.476] | DEBUG | Test worker                      | ByteBufUtil                      | -Dio.netty.threadLocalDirectBufferSize: 0
[16:45:00.476] | DEBUG | Test worker                      | ByteBufUtil                      | -Dio.netty.maxThreadLocalCharBufferSize: 16384
[16:45:01.241] | DEBUG | rding newSession on session null to remote | DefaultChannelId                 | -Dio.netty.processId: 6208 (auto-detected)
[16:45:01.244] | DEBUG | rding newSession on session null to remote | NetUtil                          | -Djava.net.preferIPv4Stack: false
[16:45:01.244] | DEBUG | rding newSession on session null to remote | NetUtil                          | -Djava.net.preferIPv6Addresses: false
[16:45:01.471] | DEBUG | rding newSession on session null to remote | NetUtilInitializations           | Loopback interface: lo (Software Loopback Interface 1, 127.0.0.1)
[16:45:01.473] | DEBUG | rding newSession on session null to remote | NetUtil                          | Failed to get SOMAXCONN from sysctl and file \proc\sys\net\core\somaxconn. Default: 200
[16:45:01.709] | DEBUG | rding newSession on session null to remote | DefaultChannelId                 | -Dio.netty.machineId: d8:cb:8a:ff:fe:f4:93:a1 (auto-detected)
[16:45:01.757] | DEBUG | AsyncHttpClient-1-2              | AbstractByteBuf                  | -Dio.netty.buffer.checkAccessible: true
[16:45:01.758] | DEBUG | AsyncHttpClient-1-2              | AbstractByteBuf                  | -Dio.netty.buffer.checkBounds: true
[16:45:01.758] | DEBUG | AsyncHttpClient-1-2              | ResourceLeakDetectorFactory      | Loaded default ResourceLeakDetector: io.netty.util.ResourceLeakDetector@1435694d
[16:45:01.781] | DEBUG | AsyncHttpClient-1-2              | Recycler                         | -Dio.netty.recycler.maxCapacityPerThread: 4096
[16:45:01.781] | DEBUG | AsyncHttpClient-1-2              | Recycler                         | -Dio.netty.recycler.ratio: 8
[16:45:01.781] | DEBUG | AsyncHttpClient-1-2              | Recycler                         | -Dio.netty.recycler.chunkSize: 32
[16:45:01.781] | DEBUG | AsyncHttpClient-1-2              | Recycler                         | -Dio.netty.recycler.blocking: false
[16:45:04.049] | DEBUG | AsyncHttpClient-1-2              | Brotli                           | brotli4j not in the classpath; Brotli support will be unavailable.
[16:45:04.471] | INFO  | Test worker                      | RealiseAutoTest                  | Logs on
]]></system-out>
  <system-err><![CDATA[SLF4J: Failed to load class "org.slf4j.impl.StaticLoggerBinder".
SLF4J: Defaulting to no-operation (NOP) logger implementation
SLF4J: See http://www.slf4j.org/codes.html#StaticLoggerBinder for further details.
1652881500624	geckodriver	INFO	Listening on 127.0.0.1:58870
1652881501813	mozrunner::runner	INFO	Running command: "C:\\Program Files\\Mozilla Firefox\\firefox.exe" "--marionette" "--remote-debugging-port" "60245" "--remote-allow-hosts" "localhost" "-no-remote" "-profile" "C:\\Users\\User\\AppData\\Local\\Temp\\rust_mozprofileLYhSJg"
1652881502227	Marionette	INFO	Marionette enabled
console.warn: SearchSettings: "get: No settings file exists, new profile?" (new NotFoundError("Could not open the file at C:\\Users\\User\\AppData\\Local\\Temp\\rust_mozprofileLYhSJg\\search.json.mozlz4", (void 0)))
DevTools listening on ws://localhost:60245/devtools/browser/818cfa37-daa1-4024-8cfd-05f823f44ac2
1652881503957	Marionette	INFO	Listening on port 24768
Read port: 24768
1652881504030	RemoteAgent	WARN	TLS certificate errors will be ignored for this session
мая 18, 2022 4:45:04 PM org.openqa.selenium.remote.ProtocolHandshake createSession
INFO: Detected dialect: W3C
JavaScript warning: https://mc.yandex.ru/metrika/tag.js, line 17: WEBGL_debug_renderer_info is deprecated in Firefox and will be removed. Please use RENDERER.
JavaScript error: https://code.acstat.com/, line 439: SyntaxError: missing catch or finally after try
console.warn: LoginRecipes: "getRecipes: falling back to a synchronous message for:" "https://otus.ru"
console.warn: LoginRecipes: "getRecipes: falling back to a synchronous message for:" "https://otus.ru"
JavaScript error: resource://gre/modules/LoginManagerParent.jsm, line 136: TypeError: gRecipeManager is null
console.warn: LoginRecipes: "getRecipes: falling back to a synchronous message for:" "https://otus.ru"
JavaScript error: resource://gre/modules/LoginManagerParent.jsm, line 136: TypeError: gRecipeManager is null
console.warn: LoginRecipes: "getRecipes: falling back to a synchronous message for:" "https://otus.ru"
JavaScript error: resource://gre/modules/LoginManagerParent.jsm, line 136: TypeError: gRecipeManager is null
console.warn: LoginRecipes: "getRecipes: falling back to a synchronous message for:" "https://otus.ru"
JavaScript error: resource://gre/modules/LoginManagerParent.jsm, line 136: TypeError: gRecipeManager is null
console.warn: LoginRecipes: "getRecipes: falling back to a synchronous message for:" "https://otus.ru"
JavaScript error: resource://gre/modules/LoginManagerParent.jsm, line 136: TypeError: gRecipeManager is null
JavaScript error: https://code.acstat.com/, line 439: SyntaxError: missing catch or finally after try
console.warn: LoginRecipes: "getRecipes: falling back to a synchronous message for:" "https://otus.ru"
JavaScript error: resource://gre/modules/LoginManagerParent.jsm, line 136: TypeError: gRecipeManager is null
console.warn: LoginRecipes: "getRecipes: falling back to a synchronous message for:" "https://otus.ru"
JavaScript error: resource://gre/modules/LoginManagerParent.jsm, line 136: TypeError: gRecipeManager is null
console.warn: LoginRecipes: "getRecipes: falling back to a synchronous message for:" "https://otus.ru"
JavaScript error: resource://gre/modules/LoginManagerParent.jsm, line 136: TypeError: gRecipeManager is null
console.warn: LoginRecipes: "getRecipes: falling back to a synchronous message for:" "https://otus.ru"
JavaScript error: resource://gre/modules/LoginManagerParent.jsm, line 136: TypeError: gRecipeManager is null
console.warn: LoginRecipes: "getRecipes: falling back to a synchronous message for:" "https://otus.ru"
JavaScript error: resource://gre/modules/LoginManagerParent.jsm, line 136: TypeError: gRecipeManager is null
console.warn: LoginRecipes: "getRecipes: falling back to a synchronous message for:" "https://otus.ru"
JavaScript error: resource://gre/modules/LoginManagerParent.jsm, line 136: TypeError: gRecipeManager is null
JavaScript error: https://code.acstat.com/, line 439: SyntaxError: missing catch or finally after try
console.warn: LoginRecipes: "getRecipes: falling back to a synchronous message for:" "https://otus.ru"
JavaScript error: resource://gre/modules/LoginManagerParent.jsm, line 136: TypeError: gRecipeManager is null
console.warn: LoginRecipes: "getRecipes: falling back to a synchronous message for:" "https://otus.ru"
JavaScript error: resource://gre/modules/LoginManagerParent.jsm, line 136: TypeError: gRecipeManager is null
console.warn: LoginRecipes: "getRecipes: falling back to a synchronous message for:" "https://otus.ru"
JavaScript error: resource://gre/modules/LoginManagerParent.jsm, line 136: TypeError: gRecipeManager is null
console.warn: LoginRecipes: "getRecipes: falling back to a synchronous message for:" "https://otus.ru"
JavaScript error: resource://gre/modules/LoginManagerParent.jsm, line 136: TypeError: gRecipeManager is null
console.warn: LoginRecipes: "getRecipes: falling back to a synchronous message for:" "https://otus.ru"
JavaScript error: resource://gre/modules/LoginManagerParent.jsm, line 136: TypeError: gRecipeManager is null
console.warn: LoginRecipes: "getRecipes: falling back to a synchronous message for:" "https://otus.ru"
JavaScript error: resource://gre/modules/LoginManagerParent.jsm, line 136: TypeError: gRecipeManager is null
console.warn: LoginRecipes: "getRecipes: falling back to a synchronous message for:" "https://otus.ru"
JavaScript error: resource://gre/modules/LoginManagerParent.jsm, line 136: TypeError: gRecipeManager is null
console.warn: LoginRecipes: "getRecipes: falling back to a synchronous message for:" "https://otus.ru"
JavaScript error: resource://gre/modules/LoginManagerParent.jsm, line 136: TypeError: gRecipeManager is null
console.warn: LoginRecipes: "getRecipes: falling back to a synchronous message for:" "https://otus.ru"
JavaScript error: resource://gre/modules/LoginManagerParent.jsm, line 136: TypeError: gRecipeManager is null
console.warn: LoginRecipes: "getRecipes: falling back to a synchronous message for:" "https://otus.ru"
JavaScript error: resource://gre/modules/LoginManagerParent.jsm, line 136: TypeError: gRecipeManager is null
console.warn: LoginRecipes: "getRecipes: falling back to a synchronous message for:" "https://otus.ru"
JavaScript error: resource://gre/modules/LoginManagerParent.jsm, line 136: TypeError: gRecipeManager is null
console.warn: LoginRecipes: "getRecipes: falling back to a synchronous message for:" "https://otus.ru"
JavaScript error: resource://gre/modules/LoginManagerParent.jsm, line 136: TypeError: gRecipeManager is null
console.warn: LoginRecipes: "getRecipes: falling back to a synchronous message for:" "https://otus.ru"
JavaScript error: resource://gre/modules/LoginManagerParent.jsm, line 136: TypeError: gRecipeManager is null
console.warn: LoginRecipes: "getRecipes: falling back to a synchronous message for:" "https://otus.ru"
JavaScript error: resource://gre/modules/LoginManagerParent.jsm, line 136: TypeError: gRecipeManager is null
console.warn: LoginRecipes: "getRecipes: falling back to a synchronous message for:" "https://otus.ru"
JavaScript error: resource://gre/modules/LoginManagerParent.jsm, line 136: TypeError: gRecipeManager is null
console.warn: LoginRecipes: "getRecipes: falling back to a synchronous message for:" "https://otus.ru"
JavaScript error: resource://gre/modules/LoginManagerParent.jsm, line 136: TypeError: gRecipeManager is null
console.warn: LoginRecipes: "getRecipes: falling back to a synchronous message for:" "https://otus.ru"
JavaScript error: resource://gre/modules/LoginManagerParent.jsm, line 136: TypeError: gRecipeManager is null
JavaScript error: https://code.acstat.com/, line 439: SyntaxError: missing catch or finally after try
console.warn: LoginRecipes: "getRecipes: falling back to a synchronous message for:" "https://otus.ru"
JavaScript error: resource://gre/modules/LoginManagerParent.jsm, line 136: TypeError: gRecipeManager is null
console.warn: LoginRecipes: "getRecipes: falling back to a synchronous message for:" "https://otus.ru"
JavaScript error: resource://gre/modules/LoginManagerParent.jsm, line 136: TypeError: gRecipeManager is null
console.warn: LoginRecipes: "getRecipes: falling back to a synchronous message for:" "https://otus.ru"
JavaScript error: resource://gre/modules/LoginManagerParent.jsm, line 136: TypeError: gRecipeManager is null
1652881520122	Marionette	INFO	Stopped listening on port 24768
JavaScript error: resource://gre/actors/ContentMetaChild.jsm, line 179: InvalidStateError: JSWindowActorChild.sendAsyncMessage: JSWindowActorChild cannot send at the moment

###!!! [Parent][PContentParent] Error: Send(msgname=PContent::Reply_DiscardBrowsingContext) Closed channel: cannot send/recv


###!!! [Parent][PContentParent] Error: Send(msgname=PContent::Reply_DiscardBrowsingContext) Closed channel: cannot send/recv


###!!! [Parent][PContentParent] Error: Send(msgname=PContent::Reply_DiscardBrowsingContext) Closed channel: cannot send/recv


###!!! [Parent][PContentParent] Error: Send(msgname=PContent::Reply_DiscardBrowsingContext) Closed channel: cannot send/recv


###!!! [Child][PContentChild] Error: RunMessage(msgname=PContent::Msg_DiscardBrowsingContext) Channel closing: too late to send/recv, messages will be lost


###!!! [Parent][PContentParent] Error: Send(msgname=PContent::Msg_DestroyBrowsingContextGroup) Closed channel: cannot send/recv


###!!! [Child][PContentChild] Error: RunMessage(msgname=PContent::Msg_DiscardBrowsingContext) Channel closing: too late to send/recv, messages will be lost


###!!! [Child][PContentChild] Error: RunMessage(msgname=PContent::Msg_DiscardBrowsingContext) Channel closing: too late to send/recv, messages will be lost


###!!! [Child][PContentChild] Error: RunMessage(msgname=PContent::Msg_DiscardBrowsingContext) Channel closing: too late to send/recv, messages will be lost


###!!! [Child][PContentChild] Error: RunMessage(msgname=PContent::Reply_DiscardBrowsingContext) Channel closing: too late to send/recv, messages will be lost


###!!! [Child][PContentChild] Error: RunMessage(msgname=PHttpChannel::Msg_DeleteSelf) Channel closing: too late to send/recv, messages will be lost


###!!! [Child][PContentChild] Error: Send(msgname=PContent::Msg_ScriptErrorWithStack) Channel closing: too late to send/recv, messages will be lost


###!!! [Parent][PGPUParent] Error: RunMessage(msgname=PGPU::Msg_ShutdownVR) Channel closing: too late to send/recv, messages will be lost

1652881521230	geckodriver	INFO	Listening on 127.0.0.1:62583
1652881521722	mozrunner::runner	INFO	Running command: "C:\\Program Files\\Mozilla Firefox\\firefox.exe" "--marionette" "--remote-debugging-port" "65335" "--remote-allow-hosts" "localhost" "-no-remote" "-profile" "C:\\Users\\User\\AppData\\Local\\Temp\\rust_mozprofilemoJqSU"
1652881522164	Marionette	INFO	Marionette enabled
console.warn: SearchSettings: "get: No settings file exists, new profile?" (new NotFoundError("Could not open the file at C:\\Users\\User\\AppData\\Local\\Temp\\rust_mozprofilemoJqSU\\search.json.mozlz4", (void 0)))
DevTools listening on ws://localhost:65335/devtools/browser/0689ef2b-b451-4a2f-8099-ee69002fad86
1652881523854	Marionette	INFO	Listening on port 24908
Read port: 24908
1652881523889	RemoteAgent	WARN	TLS certificate errors will be ignored for this session
мая 18, 2022 4:45:23 PM org.openqa.selenium.remote.ProtocolHandshake createSession
INFO: Detected dialect: W3C
JavaScript warning: https://mc.yandex.ru/metrika/tag.js, line 17: WEBGL_debug_renderer_info is deprecated in Firefox and will be removed. Please use RENDERER.
JavaScript error: https://code.acstat.com/, line 439: SyntaxError: missing catch or finally after try
console.warn: LoginRecipes: "getRecipes: falling back to a synchronous message for:" "https://otus.ru"
console.warn: LoginRecipes: "getRecipes: falling back to a synchronous message for:" "https://otus.ru"
JavaScript error: resource://gre/modules/LoginManagerParent.jsm, line 136: TypeError: gRecipeManager is null
console.warn: LoginRecipes: "getRecipes: falling back to a synchronous message for:" "https://otus.ru"
JavaScript error: resource://gre/modules/LoginManagerParent.jsm, line 136: TypeError: gRecipeManager is null
console.warn: LoginRecipes: "getRecipes: falling back to a synchronous message for:" "https://otus.ru"
JavaScript error: resource://gre/modules/LoginManagerParent.jsm, line 136: TypeError: gRecipeManager is null
console.warn: LoginRecipes: "getRecipes: falling back to a synchronous message for:" "https://otus.ru"
JavaScript error: resource://gre/modules/LoginManagerParent.jsm, line 136: TypeError: gRecipeManager is null
console.warn: LoginRecipes: "getRecipes: falling back to a synchronous message for:" "https://otus.ru"
JavaScript error: resource://gre/modules/LoginManagerParent.jsm, line 136: TypeError: gRecipeManager is null
JavaScript error: https://code.acstat.com/, line 439: SyntaxError: missing catch or finally after try
console.warn: LoginRecipes: "getRecipes: falling back to a synchronous message for:" "https://otus.ru"
JavaScript error: resource://gre/modules/LoginManagerParent.jsm, line 136: TypeError: gRecipeManager is null
console.warn: LoginRecipes: "getRecipes: falling back to a synchronous message for:" "https://otus.ru"
JavaScript error: resource://gre/modules/LoginManagerParent.jsm, line 136: TypeError: gRecipeManager is null
console.warn: LoginRecipes: "getRecipes: falling back to a synchronous message for:" "https://otus.ru"
JavaScript error: resource://gre/modules/LoginManagerParent.jsm, line 136: TypeError: gRecipeManager is null
1652881529693	Marionette	WARN	Ignoring event 'DOMContentLoaded' because document has an invalid readyState of 'complete'.
console.warn: LoginRecipes: "getRecipes: falling back to a synchronous message for:" "https://otus.ru"
JavaScript error: resource://gre/modules/LoginManagerParent.jsm, line 136: TypeError: gRecipeManager is null
console.warn: LoginRecipes: "getRecipes: falling back to a synchronous message for:" "https://otus.ru"
JavaScript error: resource://gre/modules/LoginManagerParent.jsm, line 136: TypeError: gRecipeManager is null
console.warn: LoginRecipes: "getRecipes: falling back to a synchronous message for:" "https://otus.ru"
JavaScript error: resource://gre/modules/LoginManagerParent.jsm, line 136: TypeError: gRecipeManager is null
JavaScript error: https://code.acstat.com/, line 439: SyntaxError: missing catch or finally after try
console.warn: LoginRecipes: "getRecipes: falling back to a synchronous message for:" "https://otus.ru"
JavaScript error: resource://gre/modules/LoginManagerParent.jsm, line 136: TypeError: gRecipeManager is null
console.warn: LoginRecipes: "getRecipes: falling back to a synchronous message for:" "https://otus.ru"
JavaScript error: resource://gre/modules/LoginManagerParent.jsm, line 136: TypeError: gRecipeManager is null
console.warn: LoginRecipes: "getRecipes: falling back to a synchronous message for:" "https://otus.ru"
JavaScript error: resource://gre/modules/LoginManagerParent.jsm, line 136: TypeError: gRecipeManager is null
console.warn: LoginRecipes: "getRecipes: falling back to a synchronous message for:" "https://otus.ru"
JavaScript error: resource://gre/modules/LoginManagerParent.jsm, line 136: TypeError: gRecipeManager is null
1652881531971	Marionette	INFO	Stopped listening on port 24908

###!!! [Parent][PGPUParent] Error: RunMessage(msgname=PGPU::Msg_ShutdownVR) Channel closing: too late to send/recv, messages will be lost

]]></system-err>
</testsuite>
