<?xml version="1.0" encoding="UTF-8"?>
<testsuite name="RealiseAutoTest" tests="1" skipped="0" failures="0" errors="0" timestamp="2022-04-23T16:56:57" hostname="MSI" time="60.332">
  <properties/>
  <testcase name="openWeb" classname="RealiseAutoTest" time="60.332"/>
  <system-out><![CDATA[[19:56:59.286] | DEBUG | Test worker                      | InternalLoggerFactory            | Using Log4J2 as the default logging framework
[19:56:59.302] | DEBUG | Test worker                      | ResourceLeakDetector             | -Dio.netty.leakDetection.level: simple
[19:56:59.302] | DEBUG | Test worker                      | ResourceLeakDetector             | -Dio.netty.leakDetection.targetRecords: 4
[19:56:59.302] | DEBUG | Test worker                      | ResourceLeakDetectorFactory      | Loaded default ResourceLeakDetector: io.netty.util.ResourceLeakDetector@341fb72b
[19:56:59.317] | DEBUG | Test worker                      | PlatformDependent0               | -Dio.netty.noUnsafe: false
[19:56:59.317] | DEBUG | Test worker                      | PlatformDependent0               | Java version: 8
[19:56:59.317] | DEBUG | Test worker                      | PlatformDependent0               | sun.misc.Unsafe.theUnsafe: available
[19:56:59.333] | DEBUG | Test worker                      | PlatformDependent0               | sun.misc.Unsafe.copyMemory: available
[19:56:59.333] | DEBUG | Test worker                      | PlatformDependent0               | java.nio.Buffer.address: available
[19:56:59.333] | DEBUG | Test worker                      | PlatformDependent0               | direct buffer constructor: available
[19:56:59.333] | DEBUG | Test worker                      | PlatformDependent0               | java.nio.Bits.unaligned: available, true
[19:56:59.333] | DEBUG | Test worker                      | PlatformDependent0               | jdk.internal.misc.Unsafe.allocateUninitializedArray(int): unavailable prior to Java9
[19:56:59.333] | DEBUG | Test worker                      | PlatformDependent0               | java.nio.DirectByteBuffer.<init>(long, int): available
[19:56:59.333] | DEBUG | Test worker                      | PlatformDependent                | sun.misc.Unsafe: available
[19:56:59.333] | DEBUG | Test worker                      | PlatformDependent                | -Dio.netty.tmpdir: C:\Users\User\AppData\Local\Temp (java.io.tmpdir)
[19:56:59.333] | DEBUG | Test worker                      | PlatformDependent                | -Dio.netty.bitMode: 64 (sun.arch.data.model)
[19:56:59.333] | DEBUG | Test worker                      | PlatformDependent                | Platform: Windows
[19:56:59.333] | DEBUG | Test worker                      | PlatformDependent                | -Dio.netty.maxDirectMemory: 477626368 bytes
[19:56:59.333] | DEBUG | Test worker                      | PlatformDependent                | -Dio.netty.uninitializedArrayAllocationThreshold: -1
[19:56:59.333] | DEBUG | Test worker                      | CleanerJava6                     | java.nio.ByteBuffer.cleaner(): available
[19:56:59.333] | DEBUG | Test worker                      | PlatformDependent                | -Dio.netty.noPreferDirect: false
[19:56:59.349] | DEBUG | Test worker                      | PlatformDependent                | org.jctools-core.MpscChunkedArrayQueue: available
[19:56:59.364] | DEBUG | Test worker                      | InternalThreadLocalMap           | -Dio.netty.threadLocalMap.stringBuilder.initialSize: 1024
[19:56:59.364] | DEBUG | Test worker                      | InternalThreadLocalMap           | -Dio.netty.threadLocalMap.stringBuilder.maxSize: 4096
[19:56:59.380] | DEBUG | Test worker                      | JdkSslContext                    | Default protocols (JDK): [TLSv1.2] 
[19:56:59.380] | DEBUG | Test worker                      | JdkSslContext                    | Default cipher suites (JDK): [TLS_ECDHE_ECDSA_WITH_AES_256_GCM_SHA384, TLS_ECDHE_ECDSA_WITH_AES_128_GCM_SHA256, TLS_ECDHE_RSA_WITH_AES_128_GCM_SHA256, TLS_ECDHE_RSA_WITH_AES_256_GCM_SHA384, TLS_ECDHE_RSA_WITH_AES_128_CBC_SHA, TLS_ECDHE_RSA_WITH_AES_256_CBC_SHA, TLS_RSA_WITH_AES_128_GCM_SHA256, TLS_RSA_WITH_AES_128_CBC_SHA, TLS_RSA_WITH_AES_256_CBC_SHA, TLS_AES_128_GCM_SHA256, TLS_AES_256_GCM_SHA384]
[19:56:59.411] | DEBUG | Test worker                      | MultithreadEventLoopGroup        | -Dio.netty.eventLoopThreads: 16
[19:56:59.427] | DEBUG | Test worker                      | NioEventLoop                     | -Dio.netty.noKeySetOptimization: false
[19:56:59.427] | DEBUG | Test worker                      | NioEventLoop                     | -Dio.netty.selectorAutoRebuildThreshold: 512
[19:56:59.427] | TRACE | Test worker                      | NioEventLoop                     | instrumented a special java.util.Set into: sun.nio.ch.WindowsSelectorImpl@169ad5b7
[19:56:59.427] | TRACE | Test worker                      | NioEventLoop                     | instrumented a special java.util.Set into: sun.nio.ch.WindowsSelectorImpl@73e0b661
[19:56:59.427] | TRACE | Test worker                      | NioEventLoop                     | instrumented a special java.util.Set into: sun.nio.ch.WindowsSelectorImpl@3317f2c7
[19:56:59.427] | TRACE | Test worker                      | NioEventLoop                     | instrumented a special java.util.Set into: sun.nio.ch.WindowsSelectorImpl@4b794234
[19:56:59.427] | TRACE | Test worker                      | NioEventLoop                     | instrumented a special java.util.Set into: sun.nio.ch.WindowsSelectorImpl@2f70c68c
[19:56:59.442] | TRACE | Test worker                      | NioEventLoop                     | instrumented a special java.util.Set into: sun.nio.ch.WindowsSelectorImpl@59d52ebd
[19:56:59.442] | TRACE | Test worker                      | NioEventLoop                     | instrumented a special java.util.Set into: sun.nio.ch.WindowsSelectorImpl@55d87e8a
[19:56:59.442] | TRACE | Test worker                      | NioEventLoop                     | instrumented a special java.util.Set into: sun.nio.ch.WindowsSelectorImpl@5431fee7
[19:56:59.442] | TRACE | Test worker                      | NioEventLoop                     | instrumented a special java.util.Set into: sun.nio.ch.WindowsSelectorImpl@7ddc064b
[19:56:59.442] | TRACE | Test worker                      | NioEventLoop                     | instrumented a special java.util.Set into: sun.nio.ch.WindowsSelectorImpl@d0c6f8b
[19:56:59.442] | TRACE | Test worker                      | NioEventLoop                     | instrumented a special java.util.Set into: sun.nio.ch.WindowsSelectorImpl@1bb66c8e
[19:56:59.442] | TRACE | Test worker                      | NioEventLoop                     | instrumented a special java.util.Set into: sun.nio.ch.WindowsSelectorImpl@402b7fd9
[19:56:59.442] | TRACE | Test worker                      | NioEventLoop                     | instrumented a special java.util.Set into: sun.nio.ch.WindowsSelectorImpl@5d58d7c9
[19:56:59.442] | TRACE | Test worker                      | NioEventLoop                     | instrumented a special java.util.Set into: sun.nio.ch.WindowsSelectorImpl@33469bde
[19:56:59.442] | TRACE | Test worker                      | NioEventLoop                     | instrumented a special java.util.Set into: sun.nio.ch.WindowsSelectorImpl@1bbc5324
[19:56:59.442] | TRACE | Test worker                      | NioEventLoop                     | instrumented a special java.util.Set into: sun.nio.ch.WindowsSelectorImpl@f2323d
[19:56:59.459] | DEBUG | Test worker                      | PooledByteBufAllocator           | -Dio.netty.allocator.numHeapArenas: 4
[19:56:59.459] | DEBUG | Test worker                      | PooledByteBufAllocator           | -Dio.netty.allocator.numDirectArenas: 4
[19:56:59.459] | DEBUG | Test worker                      | PooledByteBufAllocator           | -Dio.netty.allocator.pageSize: 8192
[19:56:59.459] | DEBUG | Test worker                      | PooledByteBufAllocator           | -Dio.netty.allocator.maxOrder: 11
[19:56:59.459] | DEBUG | Test worker                      | PooledByteBufAllocator           | -Dio.netty.allocator.chunkSize: 16777216
[19:56:59.459] | DEBUG | Test worker                      | PooledByteBufAllocator           | -Dio.netty.allocator.smallCacheSize: 256
[19:56:59.459] | DEBUG | Test worker                      | PooledByteBufAllocator           | -Dio.netty.allocator.normalCacheSize: 64
[19:56:59.459] | DEBUG | Test worker                      | PooledByteBufAllocator           | -Dio.netty.allocator.maxCachedBufferCapacity: 32768
[19:56:59.459] | DEBUG | Test worker                      | PooledByteBufAllocator           | -Dio.netty.allocator.cacheTrimInterval: 8192
[19:56:59.459] | DEBUG | Test worker                      | PooledByteBufAllocator           | -Dio.netty.allocator.cacheTrimIntervalMillis: 0
[19:56:59.475] | DEBUG | Test worker                      | PooledByteBufAllocator           | -Dio.netty.allocator.useCacheForAllThreads: true
[19:56:59.475] | DEBUG | Test worker                      | PooledByteBufAllocator           | -Dio.netty.allocator.maxCachedByteBuffersPerChunk: 1023
[19:56:59.475] | DEBUG | Test worker                      | ByteBufUtil                      | -Dio.netty.allocator.type: pooled
[19:56:59.475] | DEBUG | Test worker                      | ByteBufUtil                      | -Dio.netty.threadLocalDirectBufferSize: 0
[19:56:59.475] | DEBUG | Test worker                      | ByteBufUtil                      | -Dio.netty.maxThreadLocalCharBufferSize: 16384
[19:57:00.274] | DEBUG | rding newSession on session null to remote | DefaultChannelId                 | -Dio.netty.processId: 8668 (auto-detected)
[19:57:00.274] | DEBUG | rding newSession on session null to remote | NetUtil                          | -Djava.net.preferIPv4Stack: false
[19:57:00.274] | DEBUG | rding newSession on session null to remote | NetUtil                          | -Djava.net.preferIPv6Addresses: false
[19:57:00.492] | DEBUG | rding newSession on session null to remote | NetUtilInitializations           | Loopback interface: lo (Software Loopback Interface 1, 127.0.0.1)
[19:57:00.508] | DEBUG | rding newSession on session null to remote | NetUtil                          | Failed to get SOMAXCONN from sysctl and file \proc\sys\net\core\somaxconn. Default: 200
[19:57:00.738] | DEBUG | rding newSession on session null to remote | DefaultChannelId                 | -Dio.netty.machineId: d8:cb:8a:ff:fe:f4:93:a1 (auto-detected)
[19:57:00.791] | DEBUG | AsyncHttpClient-1-2              | AbstractByteBuf                  | -Dio.netty.buffer.checkAccessible: true
[19:57:00.791] | DEBUG | AsyncHttpClient-1-2              | AbstractByteBuf                  | -Dio.netty.buffer.checkBounds: true
[19:57:00.791] | DEBUG | AsyncHttpClient-1-2              | ResourceLeakDetectorFactory      | Loaded default ResourceLeakDetector: io.netty.util.ResourceLeakDetector@382aa3b3
[19:57:00.806] | DEBUG | AsyncHttpClient-1-2              | Recycler                         | -Dio.netty.recycler.maxCapacityPerThread: 4096
[19:57:00.806] | DEBUG | AsyncHttpClient-1-2              | Recycler                         | -Dio.netty.recycler.ratio: 8
[19:57:00.806] | DEBUG | AsyncHttpClient-1-2              | Recycler                         | -Dio.netty.recycler.chunkSize: 32
[19:57:00.806] | DEBUG | AsyncHttpClient-1-2              | Recycler                         | -Dio.netty.recycler.blocking: false
[19:57:01.508] | DEBUG | AsyncHttpClient-1-2              | Brotli                           | brotli4j not in the classpath; Brotli support will be unavailable.
[19:57:01.648] | DEBUG | Test worker                      | ThreadLocalRandom                | -Dio.netty.initialSeedUniquifier: 0x0713a8a4b81ae949
[19:57:01.837] | INFO  | Test worker                      | RealiseAutoTest                  | Logs on
[19:57:56.810] | TRACE | AsyncHttpClient-1-4              | WebSocket08FrameEncoder          | Encoding WebSocket Frame opCode=8 length=26
]]></system-out>
  <system-err><![CDATA[SLF4J: Failed to load class "org.slf4j.impl.StaticLoggerBinder".
SLF4J: Defaulting to no-operation (NOP) logger implementation
SLF4J: See http://www.slf4j.org/codes.html#StaticLoggerBinder for further details.
Starting ChromeDriver 100.0.4896.60 (6a5d10861ce8de5fce22564658033b43cb7de047-refs/branch-heads/4896@{#875}) on port 58425
Only local connections are allowed.
Please see https://chromedriver.chromium.org/security-considerations for suggestions on keeping ChromeDriver safe.
ChromeDriver was started successfully.
апр 23, 2022 7:57:01 PM org.openqa.selenium.remote.ProtocolHandshake createSession
INFO: Detected dialect: W3C
апр 23, 2022 7:57:01 PM org.openqa.selenium.devtools.CdpVersionFinder findNearestMatch
WARNING: Unable to find an exact match for CDP version 100, so returning the closest version found: 97
апр 23, 2022 7:57:01 PM org.openqa.selenium.devtools.CdpVersionFinder findNearestMatch
INFO: Found CDP implementation for version 100 of 97
]]></system-err>
</testsuite>
